<?xml version="1.0" encoding="UTF-8"?>
<!-- Generated by org.testng.reporters.JUnitReportReporter -->
<testsuite hostname="QB-IPL-1843" failures="0" tests="1" name="com.orangehrm.genericscripts.basic" time="7.967" errors="0" timestamp="2024-12-15T10:53:28 IST" skipped="0">
  <testcase classname="com.orangehrm.genericscripts.basic" name="Test" time="7.967"/>
</testsuite> <!-- com.orangehrm.genericscripts.basic -->
